<?xml version="1.0" encoding="UTF-8"?>
<!-- Generated by org.testng.reporters.JUnitXMLReporter -->
<testsuite hostname="Nigoras-Air" ignored="1" name="Default test" tests="1" failures="0" timestamp="13 May 2021 14:49:40 GMT" time="0.54" errors="0">
  <testcase name="@BeforeMethod initDriver" time="0.0" classname="DriverPkg.DriverWrapper">
    <failure type="org.testng.TestNGException" message="
Parameter &amp;apos;url&amp;apos; is required by BeforeMethod on method initDriver but has not been marked @Optional or defined
in /private/var/folders/nq/d44fdpdd0zlf2xpm86d7nv0r0000gp/T/testng-eclipse-1102419408/testng-customsuite.xml">
      <![CDATA[org.testng.TestNGException: 
Parameter 'url' is required by BeforeMethod on method initDriver but has not been marked @Optional or defined
in /private/var/folders/nq/d44fdpdd0zlf2xpm86d7nv0r0000gp/T/testng-eclipse-1102419408/testng-customsuite.xml
at org.testng.internal.Parameters.createParams(Parameters.java:290)
at org.testng.internal.Parameters.createParametersForMethod(Parameters.java:359)
at org.testng.internal.Parameters.createParameters(Parameters.java:620)
at org.testng.internal.Parameters.createConfigurationParameters(Parameters.java:190)
at org.testng.internal.Invoker.invokeConfigurations(Invoker.java:209)
at org.testng.internal.Invoker.invokeMethod(Invoker.java:523)
at org.testng.internal.Invoker.invokeTestMethod(Invoker.java:719)
at org.testng.internal.Invoker.invokeTestMethods(Invoker.java:989)
at org.testng.internal.TestMethodWorker.invokeTestMethods(TestMethodWorker.java:125)
at org.testng.internal.TestMethodWorker.run(TestMethodWorker.java:109)
at org.testng.TestRunner.privateRun(TestRunner.java:648)
at org.testng.TestRunner.run(TestRunner.java:505)
at org.testng.SuiteRunner.runTest(SuiteRunner.java:455)
at org.testng.SuiteRunner.runSequentially(SuiteRunner.java:450)
at org.testng.SuiteRunner.privateRun(SuiteRunner.java:415)
at org.testng.SuiteRunner.run(SuiteRunner.java:364)
at org.testng.SuiteRunnerWorker.runSuite(SuiteRunnerWorker.java:52)
at org.testng.SuiteRunnerWorker.run(SuiteRunnerWorker.java:84)
at org.testng.TestNG.runSuitesSequentially(TestNG.java:1208)
at org.testng.TestNG.runSuitesLocally(TestNG.java:1137)
at org.testng.TestNG.runSuites(TestNG.java:1049)
at org.testng.TestNG.run(TestNG.java:1017)
at org.testng.remote.AbstractRemoteTestNG.run(AbstractRemoteTestNG.java:115)
at org.testng.remote.RemoteTestNG.initAndRun(RemoteTestNG.java:251)
at org.testng.remote.RemoteTestNG.main(RemoteTestNG.java:77)
]]>
    </failure>
  </testcase> <!-- @BeforeMethod initDriver -->
  <testcase name="@AfterMethod quitDriver" time="0.0" classname="DriverPkg.DriverWrapper">
    <skipped/>
  </testcase> <!-- @AfterMethod quitDriver -->
  <testcase name="login2" time="0.001" classname="Testcases.Login">
    <skipped/>
  </testcase> <!-- login2 -->
  <testcase name="login1" time="0.0" classname="Testcases.Login">
    <ignored/>
  </testcase> <!-- login1 -->
</testsuite> <!-- Default test -->
