<?xml version="1.0" encoding="UTF-8"?>
<!-- Generated by org.testng.reporters.JUnitXMLReporter -->
<testsuite hostname="Nigoras-Air" ignored="0" name="Sign Up" tests="2" failures="0" timestamp="04 Mar 2021 07:01:06 GMT" time="3.323" errors="0">
  <testcase name="@BeforeMethod initDriver" time="3.041" classname="DriverPkg.DriverWrapper">
    <failure type="org.openqa.selenium.SessionNotCreatedException" message="session not created: This version of ChromeDriver only supports Chrome version 85
Build info: version: &amp;apos;3.141.59&amp;apos;, revision: &amp;apos;e82be7d358&amp;apos;, time: &amp;apos;2018-11-14T08:17:03&amp;apos;
System info: host: &amp;apos;Nigoras-Air&amp;apos;, ip: &amp;apos;2600:1700:71b0:c170:7813:fb6f:7896:c801%en0&amp;apos;, os.name: &amp;apos;Mac OS X&amp;apos;, os.arch: &amp;apos;x86_64&amp;apos;, os.version: &amp;apos;10.16&amp;apos;, java.version: &amp;apos;1.8.0_241&amp;apos;
Driver info: driver.version: ChromeDriver
remote stacktrace: 0   chromedriver                        0x00000001039421b9 chromedriver + 4911545
1   chromedriver                        0x00000001038e1e03 chromedriver + 4517379
2   chromedriver                        0x000000010354fdc6 chromedriver + 773574
3   chromedriver                        0x00000001034ab452 chromedriver + 99410
4   chromedriver                        0x00000001034a7d6f chromedriver + 85359
5   chromedriver                        0x00000001034d6716 chromedriver + 276246
6   chromedriver                        0x00000001034d3723 chromedriver + 263971
7   chromedriver                        0x00000001034ad720 chromedriver + 108320
8   chromedriver                        0x00000001034ae693 chromedriver + 112275
9   chromedriver                        0x000000010390af72 chromedriver + 4685682
10  chromedriver                        0x0000000103918b3a chromedriver + 4741946
11  chromedriver                        0x0000000103918801 chromedriver + 4741121
12  chromedriver                        0x00000001038ee25e chromedriver + 4567646
13  chromedriver                        0x0000000103919061 chromedriver + 4743265
14  chromedriver                        0x00000001038ffd0a chromedriver + 4640010
15  chromedriver                        0x00000001039320ba chromedriver + 4845754
16  chromedriver                        0x0000000103948387 chromedriver + 4936583
17  libsystem_pthread.dylib             0x00007fff20383950 _pthread_start + 224
18  libsystem_pthread.dylib             0x00007fff2037f47b thread_start + 15
">
      <![CDATA[org.openqa.selenium.SessionNotCreatedException: session not created: This version of ChromeDriver only supports Chrome version 85
Build info: version: '3.141.59', revision: 'e82be7d358', time: '2018-11-14T08:17:03'
System info: host: 'Nigoras-Air', ip: '2600:1700:71b0:c170:7813:fb6f:7896:c801%en0', os.name: 'Mac OS X', os.arch: 'x86_64', os.version: '10.16', java.version: '1.8.0_241'
Driver info: driver.version: ChromeDriver
remote stacktrace: 0   chromedriver                        0x00000001039421b9 chromedriver + 4911545
1   chromedriver                        0x00000001038e1e03 chromedriver + 4517379
2   chromedriver                        0x000000010354fdc6 chromedriver + 773574
3   chromedriver                        0x00000001034ab452 chromedriver + 99410
4   chromedriver                        0x00000001034a7d6f chromedriver + 85359
5   chromedriver                        0x00000001034d6716 chromedriver + 276246
6   chromedriver                        0x00000001034d3723 chromedriver + 263971
7   chromedriver                        0x00000001034ad720 chromedriver + 108320
8   chromedriver                        0x00000001034ae693 chromedriver + 112275
9   chromedriver                        0x000000010390af72 chromedriver + 4685682
10  chromedriver                        0x0000000103918b3a chromedriver + 4741946
11  chromedriver                        0x0000000103918801 chromedriver + 4741121
12  chromedriver                        0x00000001038ee25e chromedriver + 4567646
13  chromedriver                        0x0000000103919061 chromedriver + 4743265
14  chromedriver                        0x00000001038ffd0a chromedriver + 4640010
15  chromedriver                        0x00000001039320ba chromedriver + 4845754
16  chromedriver                        0x0000000103948387 chromedriver + 4936583
17  libsystem_pthread.dylib             0x00007fff20383950 _pthread_start + 224
18  libsystem_pthread.dylib             0x00007fff2037f47b thread_start + 15

at org.openqa.selenium.remote.W3CHandshakeResponse.lambda$errorHandler$0(W3CHandshakeResponse.java:62)
at org.openqa.selenium.remote.HandshakeResponse.lambda$getResponseFunction$0(HandshakeResponse.java:30)
at org.openqa.selenium.remote.ProtocolHandshake.lambda$createSession$0(ProtocolHandshake.java:126)
at java.util.stream.ReferencePipeline$3$1.accept(ReferencePipeline.java:193)
at java.util.Spliterators$ArraySpliterator.tryAdvance(Spliterators.java:958)
at java.util.stream.ReferencePipeline.forEachWithCancel(ReferencePipeline.java:126)
at java.util.stream.AbstractPipeline.copyIntoWithCancel(AbstractPipeline.java:499)
at java.util.stream.AbstractPipeline.copyInto(AbstractPipeline.java:486)
at java.util.stream.AbstractPipeline.wrapAndCopyInto(AbstractPipeline.java:472)
at java.util.stream.FindOps$FindOp.evaluateSequential(FindOps.java:152)
at java.util.stream.AbstractPipeline.evaluate(AbstractPipeline.java:234)
at java.util.stream.ReferencePipeline.findFirst(ReferencePipeline.java:464)
at org.openqa.selenium.remote.ProtocolHandshake.createSession(ProtocolHandshake.java:128)
at org.openqa.selenium.remote.ProtocolHandshake.createSession(ProtocolHandshake.java:74)
at org.openqa.selenium.remote.HttpCommandExecutor.execute(HttpCommandExecutor.java:136)
at org.openqa.selenium.remote.service.DriverCommandExecutor.execute(DriverCommandExecutor.java:83)
at org.openqa.selenium.remote.RemoteWebDriver.execute(RemoteWebDriver.java:552)
at org.openqa.selenium.remote.RemoteWebDriver.startSession(RemoteWebDriver.java:213)
at org.openqa.selenium.remote.RemoteWebDriver.<init>(RemoteWebDriver.java:131)
at org.openqa.selenium.chrome.ChromeDriver.<init>(ChromeDriver.java:181)
at org.openqa.selenium.chrome.ChromeDriver.<init>(ChromeDriver.java:168)
at org.openqa.selenium.chrome.ChromeDriver.<init>(ChromeDriver.java:123)
at DriverPkg.DriverWrapper.initDriver(DriverWrapper.java:32)
... Removed 32 stack frames]]>
    </failure>
  </testcase> <!-- @BeforeMethod initDriver -->
  <testcase name="@AfterMethod quitDriver" time="0.0" classname="DriverPkg.DriverWrapper">
    <skipped/>
  </testcase> <!-- @AfterMethod quitDriver -->
  <testcase name="@BeforeMethod initDriver" time="0.0" classname="DriverPkg.DriverWrapper">
    <skipped/>
  </testcase> <!-- @BeforeMethod initDriver -->
  <testcase name="@AfterMethod quitDriver" time="0.0" classname="DriverPkg.DriverWrapper">
    <skipped/>
  </testcase> <!-- @AfterMethod quitDriver -->
  <testcase name="signIn1" time="0.0" classname="Testcases.SignIn">
    <skipped/>
  </testcase> <!-- signIn1 -->
  <testcase name="signIn2" time="0.0" classname="Testcases.SignIn">
    <skipped/>
  </testcase> <!-- signIn2 -->
</testsuite> <!-- Sign Up -->
